15:28:21.971 [main                     ] DEBUG Logger               - Configured Logger
15:28:22.001 [main                     ] DEBUG GameApplication      - Logging settings
Title: Beeee
Version: 0.1
Width: 600
Height: 600
Fullscreen: false
Intro: false
Profiling: false
Single step:false
App Mode: DEVELOPER
Menu Key: ESCAPE
Stage Style: DECORATED
Scene Factory: class com.almasb.fxgl.app.scene.SceneFactory

15:28:22.734 [JavaFX Application Thread] DEBUG FXGLApplication      - Initializing FXGL
15:28:22.741 [JavaFX Application Thread] INFO  Engine               - FXGL-17.1 (24.03.2022 17.34) on WINDOWS (J:19 FX:18)
15:28:22.741 [JavaFX Application Thread] DEBUG Engine               - JRE Vendor Name: Oracle Corporation
15:28:22.742 [JavaFX Application Thread] DEBUG Engine               - Running on OS: Windows 7 version 6.1
15:28:22.742 [JavaFX Application Thread] DEBUG Engine               - Architecture: amd64
15:28:22.742 [JavaFX Application Thread] INFO  Engine               - Source code and latest versions at: https://github.com/AlmasB/FXGL
15:28:22.742 [JavaFX Application Thread] INFO  Engine               -       Ask questions and discuss at: https://github.com/AlmasB/FXGL/discussions
15:28:22.742 [JavaFX Application Thread] INFO  Engine               -              Join the FXGL chat at: https://gitter.im/AlmasB/FXGL
15:28:22.931 [JavaFX Application Thread] DEBUG PrimaryStageWindow   - Creating a JavaFX scene
15:28:23.004 [JavaFX Application Thread] DEBUG PrimaryStageWindow   - Target settings size: 600.0 x 600.0
15:28:23.004 [JavaFX Application Thread] DEBUG PrimaryStageWindow   - Scaled scene size:    600.0 x 600.0
15:28:23.004 [JavaFX Application Thread] DEBUG PrimaryStageWindow   - Scaled ratio: (1.0, 1.0)
15:28:23.006 [JavaFX Application Thread] DEBUG PrimaryStageWindow   - Set initial scene to FXGLStartupScene
15:28:23.015 [JavaFX Application Thread] DEBUG PrimaryStageWindow   - Opening main window
15:28:23.128 [JavaFX Application Thread] DEBUG PrimaryStageWindow   - Window border size: (16.0, 38.0)
15:28:23.128 [JavaFX Application Thread] DEBUG PrimaryStageWindow   - Scaled size: 600.0 x 600.0
15:28:23.129 [JavaFX Application Thread] DEBUG PrimaryStageWindow   - Scaled ratio: (1.0, 1.0)
15:28:23.129 [JavaFX Application Thread] DEBUG PrimaryStageWindow   - Scene size: 600.0 x 600.0
15:28:23.129 [JavaFX Application Thread] DEBUG PrimaryStageWindow   - Stage size: 616.0 x 638.0
15:28:23.142 [FXGL Background Thread 1 ] DEBUG Engine               - Initializing environment variables
15:28:23.227 [FXGL Background Thread 1 ] DEBUG FXGLAssetLoaderServi - User app class for loading assets: class org.satal.SpriteSheetAnimationApp
15:28:23.227 [FXGL Background Thread 1 ] DEBUG GameApplicationServi - Applying CSS: fxgl_dark.css
15:28:23.228 [FXGL Background Thread 1 ] DEBUG FXGLAssetLoaderServi - Loading from file system: jar:file:/C:/Users/GVoichuk/.m2/repository/com/github/almasb/fxgl/17.1/fxgl-17.1.jar!/fxglassets/ui/css/fxgl_dark.css
15:28:23.306 [FXGL Background Thread 1 ] DEBUG GameApplicationServi - Initializing application scenes
15:28:23.360 [FXGL Background Thread 1 ] DEBUG GameWorld            - Game world initialized
15:28:23.463 [FXGL Background Thread 1 ] DEBUG PhysicsWorld         - Physics world initialized: appHeight=600, physics.ppm=50,0
15:28:23.463 [FXGL Background Thread 1 ] DEBUG PhysicsWorld         - Using strategy: BRUTE_FORCE
15:28:23.467 [FXGL Background Thread 1 ] DEBUG GameScene            - Game scene initialized: 600x600
15:28:23.483 [FXGL Background Thread 1 ] WARN  FXGL.DefaultMenu     - FXGLDefaultMenu is not designed for resolutions < 800x600
15:28:23.483 [FXGL Background Thread 1 ] DEBUG FXGL.DefaultMenu     - createMenuBodyGameMenu()
15:28:23.504 [FXGL Background Thread 1 ] DEBUG FXGL.DefaultMenu     - createOptionsMenu()
15:28:23.516 [FXGL Background Thread 1 ] DEBUG FXGLAssetLoaderServi - Loading from file system: jar:file:/C:/Users/GVoichuk/.m2/repository/com/github/almasb/fxgl/17.1/fxgl-17.1.jar!/fxglassets/textures/particles/smoke.png
15:28:23.689 [FXGL Background Thread 1 ] DEBUG FXGLAssetLoaderServi - Loading from file system: jar:file:/C:/Users/GVoichuk/.m2/repository/com/github/almasb/fxgl/17.1/fxgl-17.1.jar!/fxglassets/textures/particles/trace_horizontal.png
15:28:23.769 [FXGL Background Thread 1 ] DEBUG GameApplicationServi - Application scenes initialized
15:28:23.813 [FXGL Background Thread 1 ] DEBUG SystemBundleService  - Loading FXGL system data
15:28:23.831 [FXGL Background Thread 1 ] DEBUG FileSystemAccess     - Reading from: C:\Users\GVoichuk\IdeaProjects\untitled1\system\fxgl.bundle
15:28:23.858 [FXGL Background Thread 1 ] DEBUG SystemBundleService  - Bundle FXGL: {}
15:28:23.858 [FXGL Background Thread 1 ] DEBUG UpdaterService       - Checking for updates
15:28:23.867 [FXGL Background Thread 1 ] DEBUG FXGLApplication      - Loading default localization
15:28:23.869 [FXGL Background Thread 1 ] DEBUG FXGLAssetLoaderServi - Loading from file system: jar:file:/C:/Users/GVoichuk/.m2/repository/com/github/almasb/fxgl/17.1/fxgl-17.1.jar!/fxglassets/languages/english.lang
15:28:23.870 [FXGL Background Thread 4 ] DEBUG FXGLApplication      - Loading fonts
15:28:23.870 [FXGL Background Thread 4 ] DEBUG FXGLAssetLoaderServi - Loading from file system: jar:file:/C:/Users/GVoichuk/.m2/repository/com/github/almasb/fxgl/17.1/fxgl-17.1.jar!/fxglassets/ui/fonts/VarelaRound-Regular.ttf
15:28:23.929 [FXGL Background Thread 1 ] INFO  FXGLApplication      - FXGL initialization took: 0,787 sec
15:28:23.931 [JavaFX Application Thread] DEBUG FXGLAssetLoaderServi - Loading from file system: jar:file:/C:/Users/GVoichuk/.m2/repository/com/github/almasb/fxgl/17.1/fxgl-17.1.jar!/fxglassets/textures/fxgl_icon.png
15:28:23.964 [JavaFX Application Thread] DEBUG FXGLAssetLoaderServi - Loading from file system: jar:file:/C:/Users/GVoichuk/.m2/repository/com/github/almasb/fxgl/17.1/fxgl-17.1.jar!/fxglassets/textures/fxgl_default_cursor.png
15:28:23.983 [JavaFX Application Thread] DEBUG Input                - Registered new binding: Screenshot - CTRL+8
15:28:23.983 [JavaFX Application Thread] DEBUG Input                - Registered new binding: System info dump - CTRL+9
15:28:23.984 [JavaFX Application Thread] DEBUG Input                - Registered new binding: Restart - CTRL+R
15:28:23.985 [JavaFX Application Thread] DEBUG Input                - Registered new binding: Toggle Debug Camera - CTRL+7
15:28:23.988 [JavaFX Application Thread] DEBUG LoopRunner           - Starting loop
15:28:23.988 [JavaFX Application Thread] DEBUG LoopRunner           - Initializing JavaFX AnimationTimerLoop
15:28:23.990 [JavaFX Application Thread] DEBUG GameApplicationServi - Starting new game
15:28:23.991 [JavaFX Application Thread] DEBUG Input                - Clearing active input actions
15:28:24.007 [JavaFX Application Thread] DEBUG GameApplicationServi - Removing overlay from FXGLStartupScene and adding to FXGLLoadingScene
15:28:24.007 [JavaFX Application Thread] DEBUG PrimaryStageWindow   - FXGLStartupScene -> FXGLLoadingScene
15:28:24.008 [JavaFX Application Thread] DEBUG GameApplicationServi - Clearing previous game
15:28:24.008 [JavaFX Application Thread] DEBUG GameScene            - Clearing game scene
15:28:24.008 [JavaFX Application Thread] DEBUG GameWorld            - Clearing game world
15:28:24.008 [JavaFX Application Thread] DEBUG PhysicsWorld         - Clearing physics world
15:28:24.010 [FXGL Background Thread 1 ] DEBUG FXGLApplication      - Initializing game
15:28:24.023 [FXGL Background Thread 4 ] DEBUG FXGLAssetLoaderServi - Loading from file system: jar:file:/C:/Users/GVoichuk/.m2/repository/com/github/almasb/fxgl/17.1/fxgl-17.1.jar!/fxglassets/ui/fonts/Abel-Regular.ttf
15:28:24.029 [FXGL Background Thread 4 ] DEBUG FXGLAssetLoaderServi - Loading from file system: jar:file:/C:/Users/GVoichuk/.m2/repository/com/github/almasb/fxgl/17.1/fxgl-17.1.jar!/fxglassets/ui/fonts/TerminalLandMono-Regular.otf
15:28:24.040 [FXGL Background Thread 1 ] DEBUG FXGLAssetLoaderServi - Loading from file system: file:/C:/Users/GVoichuk/IdeaProjects/untitled1/target/classes/assets/textures/newDude.png
15:28:24.048 [FXGL Background Thread 4 ] DEBUG FXGLAssetLoaderServi - Loading from file system: jar:file:/C:/Users/GVoichuk/.m2/repository/com/github/almasb/fxgl/17.1/fxgl-17.1.jar!/fxglassets/ui/fonts/Courier-Prime.ttf
15:28:24.064 [JavaFX Application Thread] DEBUG FXGLApplication      - Registering font factories with UI factory
15:28:24.091 [FXGL Background Thread 1 ] INFO  FXGLApplication      - Game initialization took: 0,081 sec
15:28:24.158 [JavaFX Application Thread] DEBUG Input                - Clearing active input actions
15:28:24.174 [JavaFX Application Thread] DEBUG GameApplicationServi - Removing overlay from FXGLLoadingScene and adding to GameScene
15:28:24.175 [JavaFX Application Thread] DEBUG PrimaryStageWindow   - FXGLLoadingScene -> GameScene
15:28:26.866 [FXGL Background Thread 3 ] DEBUG Engine               - Logging environment variables
15:28:26.867 [FXGL Background Thread 3 ] DEBUG Engine               - achievements: []
15:28:26.868 [FXGL Background Thread 3 ] DEBUG Engine               - actualHeight: 600.0
15:28:26.868 [FXGL Background Thread 3 ] DEBUG Engine               - actualHeightProperty: ReadOnlyDoubleProperty [value: 600.0]
15:28:26.868 [FXGL Background Thread 3 ] DEBUG Engine               - actualWidth: 600.0
15:28:26.868 [FXGL Background Thread 3 ] DEBUG Engine               - actualWidthProperty: ReadOnlyDoubleProperty [value: 600.0]
15:28:26.869 [FXGL Background Thread 3 ] DEBUG Engine               - appIcon: fxgl_icon.png
15:28:26.869 [FXGL Background Thread 3 ] DEBUG Engine               - applicationMode: DEVELOPER
15:28:26.869 [FXGL Background Thread 3 ] DEBUG Engine               - cSSList: [fxgl_dark.css]
15:28:26.869 [FXGL Background Thread 3 ] DEBUG Engine               - collisionDetectionStrategy: BRUTE_FORCE
15:28:26.870 [FXGL Background Thread 3 ] DEBUG Engine               - configClass: Optional.empty
15:28:26.870 [FXGL Background Thread 3 ] DEBUG Engine               - credits: []
15:28:26.871 [FXGL Background Thread 3 ] DEBUG Engine               - defaultCursor: CursorInfo(imageName=fxgl_default_cursor.png, hotspotX=7.0, hotspotY=6.0)
15:28:26.871 [FXGL Background Thread 3 ] DEBUG Engine               - devBBoxColorProperty: ObjectProperty [value: 0xff0000ff]
15:28:26.871 [FXGL Background Thread 3 ] DEBUG Engine               - devEnableDebugCameraProperty: BooleanProperty [value: false]
15:28:26.872 [FXGL Background Thread 3 ] DEBUG Engine               - devSensorColorProperty: ObjectProperty [value: 0xffff00ff]
15:28:26.872 [FXGL Background Thread 3 ] DEBUG Engine               - devShowBBoxProperty: BooleanProperty [value: false]
15:28:26.872 [FXGL Background Thread 3 ] DEBUG Engine               - devShowPositionProperty: BooleanProperty [value: false]
15:28:26.872 [FXGL Background Thread 3 ] DEBUG Engine               - enabledMenuItems: []
15:28:26.873 [FXGL Background Thread 3 ] DEBUG Engine               - engineServices: [class com.almasb.fxgl.app.services.FXGLAssetLoaderService, class com.almasb.fxgl.app.FXGLApplication$GameApplicationService, class com.almasb.fxgl.app.services.FXGLDialogService, class com.almasb.fxgl.app.services.IOTaskExecutorService, class com.almasb.fxgl.io.FileSystemService, class com.almasb.fxgl.localization.LocalizationService, class com.almasb.fxgl.app.services.SystemBundleService, class com.almasb.fxgl.profile.SaveLoadService, class com.almasb.fxgl.ui.FXGLUIFactoryServiceProvider, class com.almasb.fxgl.ui.FXGLDialogFactoryServiceProvider, class com.almasb.fxgl.audio.AudioPlayer, class com.almasb.fxgl.notification.impl.NotificationServiceProvider, class com.almasb.fxgl.achievement.AchievementService, class com.almasb.fxgl.cutscene.CutsceneService, class com.almasb.fxgl.minigames.MiniGameService, class com.almasb.fxgl.net.NetService, class com.almasb.fxgl.app.services.UpdaterService, class com.almasb.fxgl.dev.DevService]
15:28:26.873 [FXGL Background Thread 3 ] DEBUG Engine               - fontGame: Abel-Regular.ttf
15:28:26.873 [FXGL Background Thread 3 ] DEBUG Engine               - fontMono: TerminalLandMono-Regular.otf
15:28:26.873 [FXGL Background Thread 3 ] DEBUG Engine               - fontText: Courier-Prime.ttf
15:28:26.873 [FXGL Background Thread 3 ] DEBUG Engine               - fontUI: VarelaRound-Regular.ttf
15:28:26.874 [FXGL Background Thread 3 ] DEBUG Engine               - fullScreen: BooleanProperty [value: false]
15:28:26.874 [FXGL Background Thread 3 ] DEBUG Engine               - gameDifficulty: MEDIUM
15:28:26.874 [FXGL Background Thread 3 ] DEBUG Engine               - gameDifficultyProperty: ObjectProperty [value: MEDIUM]
15:28:26.874 [FXGL Background Thread 3 ] DEBUG Engine               - globalMusicVolume: 0.5
15:28:26.875 [FXGL Background Thread 3 ] DEBUG Engine               - globalMusicVolumeProperty: DoubleProperty [value: 0.5]
15:28:26.875 [FXGL Background Thread 3 ] DEBUG Engine               - globalSoundVolume: 0.5
15:28:26.875 [FXGL Background Thread 3 ] DEBUG Engine               - globalSoundVolumeProperty: DoubleProperty [value: 0.5]
15:28:26.875 [FXGL Background Thread 3 ] DEBUG Engine               - height: 600
15:28:26.875 [FXGL Background Thread 3 ] DEBUG Engine               - is3D: false
15:28:26.876 [FXGL Background Thread 3 ] DEBUG Engine               - isAndroid: false
15:28:26.876 [FXGL Background Thread 3 ] DEBUG Engine               - isBrowser: false
15:28:26.876 [FXGL Background Thread 3 ] DEBUG Engine               - isClickFeedbackEnabled: false
15:28:26.876 [FXGL Background Thread 3 ] DEBUG Engine               - isCloseConfirmation: false
15:28:26.876 [FXGL Background Thread 3 ] DEBUG Engine               - isDesktop: true
15:28:26.877 [FXGL Background Thread 3 ] DEBUG Engine               - isDeveloperMenuEnabled: false
15:28:26.877 [FXGL Background Thread 3 ] DEBUG Engine               - isEmbedded: false
15:28:26.877 [FXGL Background Thread 3 ] DEBUG Engine               - isEntityPreloadEnabled: true
15:28:26.877 [FXGL Background Thread 3 ] DEBUG Engine               - isExperimentalTiledLargeMap: false
15:28:26.877 [FXGL Background Thread 3 ] DEBUG Engine               - isFileSystemWriteAllowed: true
15:28:26.878 [FXGL Background Thread 3 ] DEBUG Engine               - isFullScreenAllowed: false
15:28:26.878 [FXGL Background Thread 3 ] DEBUG Engine               - isFullScreenFromStart: false
15:28:26.878 [FXGL Background Thread 3 ] DEBUG Engine               - isGameMenuEnabled: true
15:28:26.878 [FXGL Background Thread 3 ] DEBUG Engine               - isIOS: false
15:28:26.878 [FXGL Background Thread 3 ] DEBUG Engine               - isIntroEnabled: false
15:28:26.879 [FXGL Background Thread 3 ] DEBUG Engine               - isLinux: false
15:28:26.879 [FXGL Background Thread 3 ] DEBUG Engine               - isMac: false
15:28:26.879 [FXGL Background Thread 3 ] DEBUG Engine               - isMainMenuEnabled: false
15:28:26.879 [FXGL Background Thread 3 ] DEBUG Engine               - isManualResizeEnabled: false
15:28:26.879 [FXGL Background Thread 3 ] DEBUG Engine               - isMobile: false
15:28:26.880 [FXGL Background Thread 3 ] DEBUG Engine               - isNative: false
15:28:26.880 [FXGL Background Thread 3 ] DEBUG Engine               - isPauseMusicWhenMinimized: true
15:28:26.880 [FXGL Background Thread 3 ] DEBUG Engine               - isPreserveResizeRatio: false
15:28:26.880 [FXGL Background Thread 3 ] DEBUG Engine               - isProfilingEnabled: false
15:28:26.880 [FXGL Background Thread 3 ] DEBUG Engine               - isScaleAffectedOnResize: true
15:28:26.881 [FXGL Background Thread 3 ] DEBUG Engine               - isSingleStep: false
15:28:26.881 [FXGL Background Thread 3 ] DEBUG Engine               - isUserProfileEnabled: false
15:28:26.881 [FXGL Background Thread 3 ] DEBUG Engine               - isWindows: true
15:28:26.881 [FXGL Background Thread 3 ] DEBUG Engine               - language: ObjectProperty [value: ENGLISH]
15:28:26.882 [FXGL Background Thread 3 ] DEBUG Engine               - menuKey: ESCAPE
15:28:26.882 [FXGL Background Thread 3 ] DEBUG Engine               - mouseSensitivity: 0.2
15:28:26.882 [FXGL Background Thread 3 ] DEBUG Engine               - notificationViewClass: class com.almasb.fxgl.notification.view.XboxNotificationView
15:28:26.882 [FXGL Background Thread 3 ] DEBUG Engine               - pixelsPerMeter: 50.0
15:28:26.882 [FXGL Background Thread 3 ] DEBUG Engine               - platform: WINDOWS
15:28:26.883 [FXGL Background Thread 3 ] DEBUG Engine               - prefHeightProperty: ReadOnlyDoubleProperty [value: 600.0]
15:28:26.883 [FXGL Background Thread 3 ] DEBUG Engine               - prefWidthProperty: ReadOnlyDoubleProperty [value: 600.0]
15:28:26.883 [FXGL Background Thread 3 ] DEBUG Engine               - profileDir: profiles/
15:28:26.883 [FXGL Background Thread 3 ] DEBUG Engine               - profileName: StringProperty [value: DEFAULT]
15:28:26.883 [FXGL Background Thread 3 ] DEBUG Engine               - randomSeed: -1
15:28:26.884 [FXGL Background Thread 3 ] DEBUG Engine               - runtimeInfo: RuntimeInfo(platform=WINDOWS, version=17.1, build=24.03.2022 17.34)
15:28:26.884 [FXGL Background Thread 3 ] DEBUG Engine               - saveFileExt: sav
15:28:26.884 [FXGL Background Thread 3 ] DEBUG Engine               - scaledHeightProp$fxgl: DoubleProperty [bound, value: 600.0]
15:28:26.885 [FXGL Background Thread 3 ] DEBUG Engine               - scaledWidthProp$fxgl: DoubleProperty [bound, value: 600.0]
15:28:26.885 [FXGL Background Thread 3 ] DEBUG Engine               - sceneFactory: com.almasb.fxgl.app.scene.SceneFactory@1885f44a
15:28:26.885 [FXGL Background Thread 3 ] DEBUG Engine               - secondsIn24h: 60
15:28:26.885 [FXGL Background Thread 3 ] DEBUG Engine               - soundMenuBack: menu/back.wav
15:28:26.885 [FXGL Background Thread 3 ] DEBUG Engine               - soundMenuPress: menu/press.wav
15:28:26.886 [FXGL Background Thread 3 ] DEBUG Engine               - soundMenuSelect: menu/select.wav
15:28:26.886 [FXGL Background Thread 3 ] DEBUG Engine               - soundNotification: core/notification.wav
15:28:26.886 [FXGL Background Thread 3 ] DEBUG Engine               - stageStyle: DECORATED
15:28:26.886 [FXGL Background Thread 3 ] DEBUG Engine               - supportedLanguages: [ENGLISH, FRENCH, GERMAN, HUNGARIAN, RUSSIAN]
15:28:26.886 [FXGL Background Thread 3 ] DEBUG Engine               - ticksPerSecond: -1
15:28:26.887 [FXGL Background Thread 3 ] DEBUG Engine               - title: Beeee
15:28:26.887 [FXGL Background Thread 3 ] DEBUG Engine               - urlGithub: https://github.com/AlmasB/FXGL
15:28:26.887 [FXGL Background Thread 3 ] DEBUG Engine               - urlLeaderboard: http://fxgl-top.herokuapp.com/
15:28:26.887 [FXGL Background Thread 3 ] DEBUG Engine               - urlPOM: https://raw.githubusercontent.com/AlmasB/FXGL/release/README.md
15:28:26.887 [FXGL Background Thread 3 ] DEBUG Engine               - userAppClass: class org.satal.SpriteSheetAnimationApp
15:28:26.888 [FXGL Background Thread 3 ] DEBUG Engine               - version: 0.1
15:28:26.888 [FXGL Background Thread 3 ] DEBUG Engine               - versionCheckDays: 7
15:28:26.888 [FXGL Background Thread 3 ] DEBUG Engine               - width: 600
15:28:26.888 [FXGL Background Thread 3 ] DEBUG Engine               - Logging services
15:28:26.888 [FXGL Background Thread 3 ] DEBUG Engine               - class com.almasb.fxgl.app.services.FXGLAssetLoaderService
15:28:26.889 [FXGL Background Thread 3 ] DEBUG Engine               - class com.almasb.fxgl.app.FXGLApplication$GameApplicationService
15:28:26.889 [FXGL Background Thread 3 ] DEBUG Engine               - class com.almasb.fxgl.app.services.FXGLDialogService
15:28:26.889 [FXGL Background Thread 3 ] DEBUG Engine               - class com.almasb.fxgl.app.services.IOTaskExecutorService
15:28:26.889 [FXGL Background Thread 3 ] DEBUG Engine               - class com.almasb.fxgl.io.FileSystemService
15:28:26.889 [FXGL Background Thread 3 ] DEBUG Engine               - class com.almasb.fxgl.localization.LocalizationService
15:28:26.890 [FXGL Background Thread 3 ] DEBUG Engine               - class com.almasb.fxgl.app.services.SystemBundleService
15:28:26.890 [FXGL Background Thread 3 ] DEBUG Engine               - class com.almasb.fxgl.profile.SaveLoadService
15:28:26.890 [FXGL Background Thread 3 ] DEBUG Engine               - class com.almasb.fxgl.ui.FXGLUIFactoryServiceProvider
15:28:26.890 [FXGL Background Thread 3 ] DEBUG Engine               - class com.almasb.fxgl.ui.FXGLDialogFactoryServiceProvider
15:28:26.890 [FXGL Background Thread 3 ] DEBUG Engine               - class com.almasb.fxgl.audio.AudioPlayer
15:28:26.892 [FXGL Background Thread 3 ] DEBUG Engine               - class com.almasb.fxgl.notification.impl.NotificationServiceProvider
15:28:26.893 [FXGL Background Thread 3 ] DEBUG Engine               - class com.almasb.fxgl.achievement.AchievementService
15:28:26.893 [FXGL Background Thread 3 ] DEBUG Engine               - class com.almasb.fxgl.cutscene.CutsceneService
15:28:26.893 [FXGL Background Thread 3 ] DEBUG Engine               - class com.almasb.fxgl.minigames.MiniGameService
15:28:26.893 [FXGL Background Thread 3 ] DEBUG Engine               - class com.almasb.fxgl.net.NetService
15:28:26.893 [FXGL Background Thread 3 ] DEBUG Engine               - class com.almasb.fxgl.app.services.UpdaterService
15:28:26.894 [FXGL Background Thread 3 ] DEBUG Engine               - class com.almasb.fxgl.dev.DevService
15:28:26.939 [FXGL Background Thread 2 ] INFO  UpdaterService       - Your current version:  17.1
15:28:26.939 [FXGL Background Thread 2 ] INFO  UpdaterService       - Latest stable version: 17.3
15:28:30.825 [JavaFX Application Thread] DEBUG FXGLApplication      - Exiting FXGL
15:28:30.825 [JavaFX Application Thread] DEBUG LoopRunner           - Stopping loop
15:28:30.825 [JavaFX Application Thread] DEBUG SystemBundleService  - Saving FXGL system data
15:28:30.831 [JavaFX Application Thread] DEBUG FileSystemAccess     - Writing to: C:\Users\GVoichuk\IdeaProjects\untitled1\system\fxgl.bundle
15:28:30.836 [JavaFX Application Thread] DEBUG Async                - Shutting down background threads
15:28:30.836 [JavaFX Application Thread] DEBUG PrimaryStageWindow   - Closing main window
15:28:30.850 [JavaFX Application Thread] DEBUG Logger               - Closing Logger
