15:36:04.280 [main                     ] DEBUG Logger               - Configured Logger
15:36:04.313 [main                     ] DEBUG GameApplication      - Logging settings
Title: Beeee
Version: 0.1
Width: 400
Height: 240
Fullscreen: false
Intro: false
Profiling: false
Single step:false
App Mode: DEVELOPER
Menu Key: ESCAPE
Stage Style: DECORATED
Scene Factory: class com.almasb.fxgl.app.scene.SceneFactory

15:36:04.782 [JavaFX Application Thread] DEBUG FXGLApplication      - Initializing FXGL
15:36:04.789 [JavaFX Application Thread] INFO  Engine               - FXGL-17.1 (24.03.2022 17.34) on WINDOWS (J:19 FX:18)
15:36:04.789 [JavaFX Application Thread] DEBUG Engine               - JRE Vendor Name: Oracle Corporation
15:36:04.790 [JavaFX Application Thread] DEBUG Engine               - Running on OS: Windows 7 version 6.1
15:36:04.790 [JavaFX Application Thread] DEBUG Engine               - Architecture: amd64
15:36:04.790 [JavaFX Application Thread] INFO  Engine               - Source code and latest versions at: https://github.com/AlmasB/FXGL
15:36:04.791 [JavaFX Application Thread] INFO  Engine               -       Ask questions and discuss at: https://github.com/AlmasB/FXGL/discussions
15:36:04.791 [JavaFX Application Thread] INFO  Engine               -              Join the FXGL chat at: https://gitter.im/AlmasB/FXGL
15:36:04.938 [JavaFX Application Thread] DEBUG PrimaryStageWindow   - Creating a JavaFX scene
15:36:05.009 [JavaFX Application Thread] DEBUG PrimaryStageWindow   - Target settings size: 400.0 x 240.0
15:36:05.009 [JavaFX Application Thread] DEBUG PrimaryStageWindow   - Scaled scene size:    400.0 x 240.0
15:36:05.010 [JavaFX Application Thread] DEBUG PrimaryStageWindow   - Scaled ratio: (1.0, 1.0)
15:36:05.011 [JavaFX Application Thread] DEBUG PrimaryStageWindow   - Set initial scene to FXGLStartupScene
15:36:05.021 [JavaFX Application Thread] DEBUG PrimaryStageWindow   - Opening main window
15:36:05.116 [JavaFX Application Thread] DEBUG PrimaryStageWindow   - Window border size: (16.0, 38.0)
15:36:05.116 [JavaFX Application Thread] DEBUG PrimaryStageWindow   - Scaled size: 400.0 x 240.0
15:36:05.116 [JavaFX Application Thread] DEBUG PrimaryStageWindow   - Scaled ratio: (1.0, 1.0)
15:36:05.117 [JavaFX Application Thread] DEBUG PrimaryStageWindow   - Scene size: 400.0 x 240.0
15:36:05.117 [JavaFX Application Thread] DEBUG PrimaryStageWindow   - Stage size: 416.0 x 278.0
15:36:05.125 [FXGL Background Thread 1 ] DEBUG Engine               - Initializing environment variables
15:36:05.204 [FXGL Background Thread 1 ] DEBUG FXGLAssetLoaderServi - User app class for loading assets: class org.satal.SpriteSheetAnimationApp
15:36:05.204 [FXGL Background Thread 1 ] DEBUG GameApplicationServi - Applying CSS: fxgl_dark.css
15:36:05.206 [FXGL Background Thread 1 ] DEBUG FXGLAssetLoaderServi - Loading from file system: jar:file:/C:/Users/GVoichuk/.m2/repository/com/github/almasb/fxgl/17.1/fxgl-17.1.jar!/fxglassets/ui/css/fxgl_dark.css
15:36:05.277 [FXGL Background Thread 1 ] DEBUG GameApplicationServi - Initializing application scenes
15:36:05.372 [FXGL Background Thread 1 ] DEBUG GameWorld            - Game world initialized
15:36:05.439 [FXGL Background Thread 1 ] DEBUG PhysicsWorld         - Physics world initialized: appHeight=240, physics.ppm=50,0
15:36:05.440 [FXGL Background Thread 1 ] DEBUG PhysicsWorld         - Using strategy: BRUTE_FORCE
15:36:05.444 [FXGL Background Thread 1 ] DEBUG GameScene            - Game scene initialized: 400x240
15:36:05.458 [FXGL Background Thread 1 ] WARN  FXGL.DefaultMenu     - FXGLDefaultMenu is not designed for resolutions < 800x600
15:36:05.458 [FXGL Background Thread 1 ] DEBUG FXGL.DefaultMenu     - createMenuBodyGameMenu()
15:36:05.476 [FXGL Background Thread 1 ] DEBUG FXGL.DefaultMenu     - createOptionsMenu()
15:36:05.487 [FXGL Background Thread 1 ] DEBUG FXGLAssetLoaderServi - Loading from file system: jar:file:/C:/Users/GVoichuk/.m2/repository/com/github/almasb/fxgl/17.1/fxgl-17.1.jar!/fxglassets/textures/particles/smoke.png
15:36:05.689 [FXGL Background Thread 1 ] DEBUG FXGLAssetLoaderServi - Loading from file system: jar:file:/C:/Users/GVoichuk/.m2/repository/com/github/almasb/fxgl/17.1/fxgl-17.1.jar!/fxglassets/textures/particles/trace_horizontal.png
15:36:05.811 [FXGL Background Thread 1 ] DEBUG GameApplicationServi - Application scenes initialized
15:36:05.830 [FXGL Background Thread 1 ] DEBUG SystemBundleService  - Loading FXGL system data
15:36:05.835 [FXGL Background Thread 1 ] DEBUG FileSystemAccess     - Reading from: C:\Users\GVoichuk\IdeaProjects\untitled1\system\fxgl.bundle
15:36:05.849 [FXGL Background Thread 1 ] DEBUG SystemBundleService  - Bundle FXGL: {}
15:36:05.849 [FXGL Background Thread 1 ] DEBUG UpdaterService       - Checking for updates
15:36:05.861 [FXGL Background Thread 1 ] DEBUG FXGLApplication      - Loading default localization
15:36:05.862 [FXGL Background Thread 1 ] DEBUG FXGLAssetLoaderServi - Loading from file system: jar:file:/C:/Users/GVoichuk/.m2/repository/com/github/almasb/fxgl/17.1/fxgl-17.1.jar!/fxglassets/languages/english.lang
15:36:05.891 [FXGL Background Thread 1 ] INFO  FXGLApplication      - FXGL initialization took: 0,766 sec
15:36:05.907 [JavaFX Application Thread] DEBUG Input                - Registered new binding: action0 - Right
15:36:05.908 [JavaFX Application Thread] DEBUG Input                - Registered new binding: action1 - Left
15:36:05.910 [JavaFX Application Thread] DEBUG FXGLAssetLoaderServi - Loading from file system: jar:file:/C:/Users/GVoichuk/.m2/repository/com/github/almasb/fxgl/17.1/fxgl-17.1.jar!/fxglassets/textures/fxgl_icon.png
15:36:05.970 [FXGL Background Thread 4 ] DEBUG FXGLApplication      - Loading fonts
15:36:05.971 [FXGL Background Thread 4 ] DEBUG FXGLAssetLoaderServi - Loading from file system: jar:file:/C:/Users/GVoichuk/.m2/repository/com/github/almasb/fxgl/17.1/fxgl-17.1.jar!/fxglassets/ui/fonts/VarelaRound-Regular.ttf
15:36:06.020 [JavaFX Application Thread] DEBUG FXGLAssetLoaderServi - Loading from file system: jar:file:/C:/Users/GVoichuk/.m2/repository/com/github/almasb/fxgl/17.1/fxgl-17.1.jar!/fxglassets/textures/fxgl_default_cursor.png
15:36:06.034 [JavaFX Application Thread] DEBUG Input                - Registered new binding: Screenshot - CTRL+8
15:36:06.036 [JavaFX Application Thread] DEBUG Input                - Registered new binding: System info dump - CTRL+9
15:36:06.037 [JavaFX Application Thread] DEBUG Input                - Registered new binding: Restart - CTRL+R
15:36:06.038 [JavaFX Application Thread] DEBUG Input                - Registered new binding: Toggle Debug Camera - CTRL+7
15:36:06.041 [JavaFX Application Thread] DEBUG LoopRunner           - Starting loop
15:36:06.041 [JavaFX Application Thread] DEBUG LoopRunner           - Initializing JavaFX AnimationTimerLoop
15:36:06.045 [JavaFX Application Thread] DEBUG GameApplicationServi - Starting new game
15:36:06.046 [JavaFX Application Thread] DEBUG Input                - Clearing active input actions
15:36:06.110 [JavaFX Application Thread] DEBUG GameApplicationServi - Removing overlay from FXGLStartupScene and adding to FXGLLoadingScene
15:36:06.110 [JavaFX Application Thread] DEBUG PrimaryStageWindow   - FXGLStartupScene -> FXGLLoadingScene
15:36:06.111 [JavaFX Application Thread] DEBUG GameApplicationServi - Clearing previous game
15:36:06.111 [JavaFX Application Thread] DEBUG GameScene            - Clearing game scene
15:36:06.111 [JavaFX Application Thread] DEBUG GameWorld            - Clearing game world
15:36:06.111 [JavaFX Application Thread] DEBUG PhysicsWorld         - Clearing physics world
15:36:06.113 [FXGL Background Thread 1 ] DEBUG FXGLApplication      - Initializing game
15:36:06.125 [FXGL Background Thread 1 ] DEBUG FXGLAssetLoaderServi - Loading from file system: file:/C:/Users/GVoichuk/IdeaProjects/untitled1/target/classes/assets/textures/newDude.png
15:36:06.171 [FXGL Background Thread 4 ] DEBUG FXGLAssetLoaderServi - Loading from file system: jar:file:/C:/Users/GVoichuk/.m2/repository/com/github/almasb/fxgl/17.1/fxgl-17.1.jar!/fxglassets/ui/fonts/Abel-Regular.ttf
15:36:06.176 [FXGL Background Thread 4 ] DEBUG FXGLAssetLoaderServi - Loading from file system: jar:file:/C:/Users/GVoichuk/.m2/repository/com/github/almasb/fxgl/17.1/fxgl-17.1.jar!/fxglassets/ui/fonts/TerminalLandMono-Regular.otf
15:36:06.179 [FXGL Background Thread 4 ] DEBUG FXGLAssetLoaderServi - Loading from file system: jar:file:/C:/Users/GVoichuk/.m2/repository/com/github/almasb/fxgl/17.1/fxgl-17.1.jar!/fxglassets/ui/fonts/Courier-Prime.ttf
15:36:06.196 [JavaFX Application Thread] DEBUG FXGLApplication      - Registering font factories with UI factory
15:36:06.213 [FXGL Background Thread 1 ] INFO  FXGLApplication      - Game initialization took: 0,099 sec
15:36:06.319 [JavaFX Application Thread] DEBUG Input                - Clearing active input actions
15:36:06.337 [JavaFX Application Thread] DEBUG GameApplicationServi - Removing overlay from FXGLLoadingScene and adding to GameScene
15:36:06.338 [JavaFX Application Thread] DEBUG PrimaryStageWindow   - FXGLLoadingScene -> GameScene
15:36:06.735 [FXGL Background Thread 2 ] INFO  UpdaterService       - Your current version:  17.1
15:36:06.736 [FXGL Background Thread 2 ] INFO  UpdaterService       - Latest stable version: 17.3
15:36:08.855 [FXGL Background Thread 3 ] DEBUG Engine               - Logging environment variables
15:36:08.856 [FXGL Background Thread 3 ] DEBUG Engine               - achievements: []
15:36:08.856 [FXGL Background Thread 3 ] DEBUG Engine               - actualHeight: 240.0
15:36:08.857 [FXGL Background Thread 3 ] DEBUG Engine               - actualHeightProperty: ReadOnlyDoubleProperty [value: 240.0]
15:36:08.857 [FXGL Background Thread 3 ] DEBUG Engine               - actualWidth: 400.0
15:36:08.857 [FXGL Background Thread 3 ] DEBUG Engine               - actualWidthProperty: ReadOnlyDoubleProperty [value: 400.0]
15:36:08.857 [FXGL Background Thread 3 ] DEBUG Engine               - appIcon: fxgl_icon.png
15:36:08.858 [FXGL Background Thread 3 ] DEBUG Engine               - applicationMode: DEVELOPER
15:36:08.858 [FXGL Background Thread 3 ] DEBUG Engine               - cSSList: [fxgl_dark.css]
15:36:08.858 [FXGL Background Thread 3 ] DEBUG Engine               - collisionDetectionStrategy: BRUTE_FORCE
15:36:08.858 [FXGL Background Thread 3 ] DEBUG Engine               - configClass: Optional.empty
15:36:08.858 [FXGL Background Thread 3 ] DEBUG Engine               - credits: []
15:36:08.859 [FXGL Background Thread 3 ] DEBUG Engine               - defaultCursor: CursorInfo(imageName=fxgl_default_cursor.png, hotspotX=7.0, hotspotY=6.0)
15:36:08.860 [FXGL Background Thread 3 ] DEBUG Engine               - devBBoxColorProperty: ObjectProperty [value: 0xff0000ff]
15:36:08.860 [FXGL Background Thread 3 ] DEBUG Engine               - devEnableDebugCameraProperty: BooleanProperty [value: false]
15:36:08.860 [FXGL Background Thread 3 ] DEBUG Engine               - devSensorColorProperty: ObjectProperty [value: 0xffff00ff]
15:36:08.861 [FXGL Background Thread 3 ] DEBUG Engine               - devShowBBoxProperty: BooleanProperty [value: false]
15:36:08.861 [FXGL Background Thread 3 ] DEBUG Engine               - devShowPositionProperty: BooleanProperty [value: false]
15:36:08.861 [FXGL Background Thread 3 ] DEBUG Engine               - enabledMenuItems: []
15:36:08.861 [FXGL Background Thread 3 ] DEBUG Engine               - engineServices: [class com.almasb.fxgl.app.services.FXGLAssetLoaderService, class com.almasb.fxgl.app.FXGLApplication$GameApplicationService, class com.almasb.fxgl.app.services.FXGLDialogService, class com.almasb.fxgl.app.services.IOTaskExecutorService, class com.almasb.fxgl.io.FileSystemService, class com.almasb.fxgl.localization.LocalizationService, class com.almasb.fxgl.app.services.SystemBundleService, class com.almasb.fxgl.profile.SaveLoadService, class com.almasb.fxgl.ui.FXGLUIFactoryServiceProvider, class com.almasb.fxgl.ui.FXGLDialogFactoryServiceProvider, class com.almasb.fxgl.audio.AudioPlayer, class com.almasb.fxgl.notification.impl.NotificationServiceProvider, class com.almasb.fxgl.achievement.AchievementService, class com.almasb.fxgl.cutscene.CutsceneService, class com.almasb.fxgl.minigames.MiniGameService, class com.almasb.fxgl.net.NetService, class com.almasb.fxgl.app.services.UpdaterService, class com.almasb.fxgl.dev.DevService]
15:36:08.861 [FXGL Background Thread 3 ] DEBUG Engine               - fontGame: Abel-Regular.ttf
15:36:08.861 [FXGL Background Thread 3 ] DEBUG Engine               - fontMono: TerminalLandMono-Regular.otf
15:36:08.862 [FXGL Background Thread 3 ] DEBUG Engine               - fontText: Courier-Prime.ttf
15:36:08.862 [FXGL Background Thread 3 ] DEBUG Engine               - fontUI: VarelaRound-Regular.ttf
15:36:08.862 [FXGL Background Thread 3 ] DEBUG Engine               - fullScreen: BooleanProperty [value: false]
15:36:08.862 [FXGL Background Thread 3 ] DEBUG Engine               - gameDifficulty: MEDIUM
15:36:08.862 [FXGL Background Thread 3 ] DEBUG Engine               - gameDifficultyProperty: ObjectProperty [value: MEDIUM]
15:36:08.863 [FXGL Background Thread 3 ] DEBUG Engine               - globalMusicVolume: 0.5
15:36:08.863 [FXGL Background Thread 3 ] DEBUG Engine               - globalMusicVolumeProperty: DoubleProperty [value: 0.5]
15:36:08.863 [FXGL Background Thread 3 ] DEBUG Engine               - globalSoundVolume: 0.5
15:36:08.863 [FXGL Background Thread 3 ] DEBUG Engine               - globalSoundVolumeProperty: DoubleProperty [value: 0.5]
15:36:08.863 [FXGL Background Thread 3 ] DEBUG Engine               - height: 240
15:36:08.864 [FXGL Background Thread 3 ] DEBUG Engine               - is3D: false
15:36:08.864 [FXGL Background Thread 3 ] DEBUG Engine               - isAndroid: false
15:36:08.864 [FXGL Background Thread 3 ] DEBUG Engine               - isBrowser: false
15:36:08.864 [FXGL Background Thread 3 ] DEBUG Engine               - isClickFeedbackEnabled: false
15:36:08.864 [FXGL Background Thread 3 ] DEBUG Engine               - isCloseConfirmation: false
15:36:08.864 [FXGL Background Thread 3 ] DEBUG Engine               - isDesktop: true
15:36:08.865 [FXGL Background Thread 3 ] DEBUG Engine               - isDeveloperMenuEnabled: false
15:36:08.865 [FXGL Background Thread 3 ] DEBUG Engine               - isEmbedded: false
15:36:08.865 [FXGL Background Thread 3 ] DEBUG Engine               - isEntityPreloadEnabled: true
15:36:08.865 [FXGL Background Thread 3 ] DEBUG Engine               - isExperimentalTiledLargeMap: false
15:36:08.865 [FXGL Background Thread 3 ] DEBUG Engine               - isFileSystemWriteAllowed: true
15:36:08.865 [FXGL Background Thread 3 ] DEBUG Engine               - isFullScreenAllowed: false
15:36:08.866 [FXGL Background Thread 3 ] DEBUG Engine               - isFullScreenFromStart: false
15:36:08.866 [FXGL Background Thread 3 ] DEBUG Engine               - isGameMenuEnabled: true
15:36:08.866 [FXGL Background Thread 3 ] DEBUG Engine               - isIOS: false
15:36:08.866 [FXGL Background Thread 3 ] DEBUG Engine               - isIntroEnabled: false
15:36:08.866 [FXGL Background Thread 3 ] DEBUG Engine               - isLinux: false
15:36:08.867 [FXGL Background Thread 3 ] DEBUG Engine               - isMac: false
15:36:08.867 [FXGL Background Thread 3 ] DEBUG Engine               - isMainMenuEnabled: false
15:36:08.867 [FXGL Background Thread 3 ] DEBUG Engine               - isManualResizeEnabled: false
15:36:08.868 [FXGL Background Thread 3 ] DEBUG Engine               - isMobile: false
15:36:08.868 [FXGL Background Thread 3 ] DEBUG Engine               - isNative: false
15:36:08.868 [FXGL Background Thread 3 ] DEBUG Engine               - isPauseMusicWhenMinimized: true
15:36:08.868 [FXGL Background Thread 3 ] DEBUG Engine               - isPreserveResizeRatio: false
15:36:08.869 [FXGL Background Thread 3 ] DEBUG Engine               - isProfilingEnabled: false
15:36:08.869 [FXGL Background Thread 3 ] DEBUG Engine               - isScaleAffectedOnResize: true
15:36:08.869 [FXGL Background Thread 3 ] DEBUG Engine               - isSingleStep: false
15:36:08.869 [FXGL Background Thread 3 ] DEBUG Engine               - isUserProfileEnabled: false
15:36:08.869 [FXGL Background Thread 3 ] DEBUG Engine               - isWindows: true
15:36:08.869 [FXGL Background Thread 3 ] DEBUG Engine               - language: ObjectProperty [value: ENGLISH]
15:36:08.870 [FXGL Background Thread 3 ] DEBUG Engine               - menuKey: ESCAPE
15:36:08.870 [FXGL Background Thread 3 ] DEBUG Engine               - mouseSensitivity: 0.2
15:36:08.870 [FXGL Background Thread 3 ] DEBUG Engine               - notificationViewClass: class com.almasb.fxgl.notification.view.XboxNotificationView
15:36:08.870 [FXGL Background Thread 3 ] DEBUG Engine               - pixelsPerMeter: 50.0
15:36:08.870 [FXGL Background Thread 3 ] DEBUG Engine               - platform: WINDOWS
15:36:08.871 [FXGL Background Thread 3 ] DEBUG Engine               - prefHeightProperty: ReadOnlyDoubleProperty [value: 240.0]
15:36:08.871 [FXGL Background Thread 3 ] DEBUG Engine               - prefWidthProperty: ReadOnlyDoubleProperty [value: 400.0]
15:36:08.871 [FXGL Background Thread 3 ] DEBUG Engine               - profileDir: profiles/
15:36:08.872 [FXGL Background Thread 3 ] DEBUG Engine               - profileName: StringProperty [value: DEFAULT]
15:36:08.872 [FXGL Background Thread 3 ] DEBUG Engine               - randomSeed: -1
15:36:08.873 [FXGL Background Thread 3 ] DEBUG Engine               - runtimeInfo: RuntimeInfo(platform=WINDOWS, version=17.1, build=24.03.2022 17.34)
15:36:08.873 [FXGL Background Thread 3 ] DEBUG Engine               - saveFileExt: sav
15:36:08.873 [FXGL Background Thread 3 ] DEBUG Engine               - scaledHeightProp$fxgl: DoubleProperty [bound, value: 240.0]
15:36:08.874 [FXGL Background Thread 3 ] DEBUG Engine               - scaledWidthProp$fxgl: DoubleProperty [bound, value: 400.0]
15:36:08.874 [FXGL Background Thread 3 ] DEBUG Engine               - sceneFactory: com.almasb.fxgl.app.scene.SceneFactory@63d7106e
15:36:08.874 [FXGL Background Thread 3 ] DEBUG Engine               - secondsIn24h: 60
15:36:08.874 [FXGL Background Thread 3 ] DEBUG Engine               - soundMenuBack: menu/back.wav
15:36:08.874 [FXGL Background Thread 3 ] DEBUG Engine               - soundMenuPress: menu/press.wav
15:36:08.875 [FXGL Background Thread 3 ] DEBUG Engine               - soundMenuSelect: menu/select.wav
15:36:08.875 [FXGL Background Thread 3 ] DEBUG Engine               - soundNotification: core/notification.wav
15:36:08.875 [FXGL Background Thread 3 ] DEBUG Engine               - stageStyle: DECORATED
15:36:08.875 [FXGL Background Thread 3 ] DEBUG Engine               - supportedLanguages: [ENGLISH, FRENCH, GERMAN, HUNGARIAN, RUSSIAN]
15:36:08.875 [FXGL Background Thread 3 ] DEBUG Engine               - ticksPerSecond: -1
15:36:08.875 [FXGL Background Thread 3 ] DEBUG Engine               - title: Beeee
15:36:08.876 [FXGL Background Thread 3 ] DEBUG Engine               - urlGithub: https://github.com/AlmasB/FXGL
15:36:08.876 [FXGL Background Thread 3 ] DEBUG Engine               - urlLeaderboard: http://fxgl-top.herokuapp.com/
15:36:08.876 [FXGL Background Thread 3 ] DEBUG Engine               - urlPOM: https://raw.githubusercontent.com/AlmasB/FXGL/release/README.md
15:36:08.876 [FXGL Background Thread 3 ] DEBUG Engine               - userAppClass: class org.satal.SpriteSheetAnimationApp
15:36:08.876 [FXGL Background Thread 3 ] DEBUG Engine               - version: 0.1
15:36:08.876 [FXGL Background Thread 3 ] DEBUG Engine               - versionCheckDays: 7
15:36:08.876 [FXGL Background Thread 3 ] DEBUG Engine               - width: 400
15:36:08.877 [FXGL Background Thread 3 ] DEBUG Engine               - Logging services
15:36:08.877 [FXGL Background Thread 3 ] DEBUG Engine               - class com.almasb.fxgl.app.services.FXGLAssetLoaderService
15:36:08.877 [FXGL Background Thread 3 ] DEBUG Engine               - class com.almasb.fxgl.app.FXGLApplication$GameApplicationService
15:36:08.877 [FXGL Background Thread 3 ] DEBUG Engine               - class com.almasb.fxgl.app.services.FXGLDialogService
15:36:08.877 [FXGL Background Thread 3 ] DEBUG Engine               - class com.almasb.fxgl.app.services.IOTaskExecutorService
15:36:08.878 [FXGL Background Thread 3 ] DEBUG Engine               - class com.almasb.fxgl.io.FileSystemService
15:36:08.878 [FXGL Background Thread 3 ] DEBUG Engine               - class com.almasb.fxgl.localization.LocalizationService
15:36:08.878 [FXGL Background Thread 3 ] DEBUG Engine               - class com.almasb.fxgl.app.services.SystemBundleService
15:36:08.878 [FXGL Background Thread 3 ] DEBUG Engine               - class com.almasb.fxgl.profile.SaveLoadService
15:36:08.878 [FXGL Background Thread 3 ] DEBUG Engine               - class com.almasb.fxgl.ui.FXGLUIFactoryServiceProvider
15:36:08.878 [FXGL Background Thread 3 ] DEBUG Engine               - class com.almasb.fxgl.ui.FXGLDialogFactoryServiceProvider
15:36:08.878 [FXGL Background Thread 3 ] DEBUG Engine               - class com.almasb.fxgl.audio.AudioPlayer
15:36:08.878 [FXGL Background Thread 3 ] DEBUG Engine               - class com.almasb.fxgl.notification.impl.NotificationServiceProvider
15:36:08.879 [FXGL Background Thread 3 ] DEBUG Engine               - class com.almasb.fxgl.achievement.AchievementService
15:36:08.879 [FXGL Background Thread 3 ] DEBUG Engine               - class com.almasb.fxgl.cutscene.CutsceneService
15:36:08.879 [FXGL Background Thread 3 ] DEBUG Engine               - class com.almasb.fxgl.minigames.MiniGameService
15:36:08.879 [FXGL Background Thread 3 ] DEBUG Engine               - class com.almasb.fxgl.net.NetService
15:36:08.879 [FXGL Background Thread 3 ] DEBUG Engine               - class com.almasb.fxgl.app.services.UpdaterService
15:36:08.879 [FXGL Background Thread 3 ] DEBUG Engine               - class com.almasb.fxgl.dev.DevService
15:36:18.107 [JavaFX Application Thread] DEBUG FXGLApplication      - Exiting FXGL
15:36:18.108 [JavaFX Application Thread] DEBUG LoopRunner           - Stopping loop
15:36:18.108 [JavaFX Application Thread] DEBUG SystemBundleService  - Saving FXGL system data
15:36:18.113 [JavaFX Application Thread] DEBUG FileSystemAccess     - Writing to: C:\Users\GVoichuk\IdeaProjects\untitled1\system\fxgl.bundle
15:36:18.119 [JavaFX Application Thread] DEBUG Async                - Shutting down background threads
15:36:18.120 [JavaFX Application Thread] DEBUG PrimaryStageWindow   - Closing main window
15:36:18.135 [JavaFX Application Thread] DEBUG Logger               - Closing Logger
